2020-03-28 23:55:32,850-0400 INFO  miktex-makepk - starting with command line: miktex-makepk --verbose tcrm0900 600 600 magstep(0.0)
2020-03-28 23:55:32,851-0400 INFO  makepk - Trying to make PK font tcrm0900 at 600 DPI...
2020-03-28 23:55:32,859-0400 INFO  makepk - The METFAONT mode is: ljfour
2020-03-28 23:55:32,867-0400 INFO  makepk - Creating tcrm0900.pk...
2020-03-28 23:55:32,868-0400 INFO  makepk - Running miktex-mf.exe...
2020-03-28 23:55:32,868-0400 INFO  makepk - running: miktex-mf.exe --miktex-disable-maintenance --miktex-disable-diagnose --undump=mf \mode:=ljfour; \mag:=magstep(0.0); nonstopmode; "input tcrm0900"
2020-03-28 23:55:34,181-0400 INFO  makepk - Running miktex-gftopk.exe...
2020-03-28 23:55:34,181-0400 INFO  makepk - running: miktex-gftopk.exe --miktex-disable-maintenance --miktex-disable-diagnose tcrm0900.600gf tcrm0900.pk
2020-03-28 23:55:34,454-0400 INFO  makepk - Installing "C:\Users\Enmanuel\Desktop\Forensics\Tuts\Android APK\Solution\PrivateExtractorGUI\latex\miktex\texmfs/data\fonts/pk/ljfour/jknappen/ec/dpi600\tcrm0900.pk"...
2020-03-28 23:55:34,475-0400 INFO  miktex-makepk - finishing with exit code 0
2020-03-28 23:55:34,475-0400 FATAL miktex-makepk - major issue: So far, you have not checked for MiKTeX updates.
2020-03-28 23:55:34,694-0400 INFO  miktex-makepk - starting with command line: miktex-makepk --verbose tcrm1000 600 600 magstep(0.0)
2020-03-28 23:55:34,695-0400 INFO  makepk - Trying to make PK font tcrm1000 at 600 DPI...
2020-03-28 23:55:34,699-0400 INFO  makepk - The METFAONT mode is: ljfour
2020-03-28 23:55:34,705-0400 INFO  makepk - Creating tcrm1000.pk...
2020-03-28 23:55:34,706-0400 INFO  makepk - Running miktex-mf.exe...
2020-03-28 23:55:34,706-0400 INFO  makepk - running: miktex-mf.exe --miktex-disable-maintenance --miktex-disable-diagnose --undump=mf \mode:=ljfour; \mag:=magstep(0.0); nonstopmode; "input tcrm1000"
2020-03-28 23:55:35,069-0400 INFO  makepk - Running miktex-gftopk.exe...
2020-03-28 23:55:35,069-0400 INFO  makepk - running: miktex-gftopk.exe --miktex-disable-maintenance --miktex-disable-diagnose tcrm1000.600gf tcrm1000.pk
2020-03-28 23:55:35,231-0400 INFO  makepk - Installing "C:\Users\Enmanuel\Desktop\Forensics\Tuts\Android APK\Solution\PrivateExtractorGUI\latex\miktex\texmfs/data\fonts/pk/ljfour/jknappen/ec/dpi600\tcrm1000.pk"...
2020-03-28 23:55:35,279-0400 INFO  miktex-makepk - finishing with exit code 0
2020-03-28 23:55:35,280-0400 FATAL miktex-makepk - major issue: So far, you have not checked for MiKTeX updates.
