2020-03-26 01:13:41,457-0400 INFO  mkfntmap - starting with command line: mkfntmap --verbose --disable-installer --miktex-disable-maintenance --miktex-disable-diagnose
2020-03-26 01:13:41,460-0400 INFO  mkfntmap - Parsing config file "C:\Users\Enmanuel\Desktop\Forensics\Tuts\Android APK\Solution\PrivateExtractorGUI\miktex\texmfs\install\miktex/config\updmap.cfg"...
2020-03-26 01:13:43,049-0400 INFO  mkfntmap - Writing "C:\Users\Enmanuel\Desktop\Forensics\Tuts\Android APK\Solution\PrivateExtractorGUI\miktex\texmfs/data\dvips\config\ps2pk.map"...
2020-03-26 01:13:43,075-0400 INFO  mkfntmap - Writing "C:\Users\Enmanuel\Desktop\Forensics\Tuts\Android APK\Solution\PrivateExtractorGUI\miktex\texmfs/data\dvips\config\download35.map"...
2020-03-26 01:13:43,090-0400 INFO  mkfntmap - Writing "C:\Users\Enmanuel\Desktop\Forensics\Tuts\Android APK\Solution\PrivateExtractorGUI\miktex\texmfs/data\dvips\config\builtin35.map"...
2020-03-26 01:13:43,122-0400 INFO  mkfntmap - Writing "C:\Users\Enmanuel\Desktop\Forensics\Tuts\Android APK\Solution\PrivateExtractorGUI\miktex\texmfs/data\dvips\config\psfonts_t1.map"...
2020-03-26 01:13:43,146-0400 INFO  mkfntmap - Writing "C:\Users\Enmanuel\Desktop\Forensics\Tuts\Android APK\Solution\PrivateExtractorGUI\miktex\texmfs/data\dvips\config\psfonts_pk.map"...
2020-03-26 01:13:43,169-0400 INFO  mkfntmap - Writing "C:\Users\Enmanuel\Desktop\Forensics\Tuts\Android APK\Solution\PrivateExtractorGUI\miktex\texmfs/data\pdftex\config\pdftex_ndl14.map"...
2020-03-26 01:13:43,195-0400 INFO  mkfntmap - Writing "C:\Users\Enmanuel\Desktop\Forensics\Tuts\Android APK\Solution\PrivateExtractorGUI\miktex\texmfs/data\pdftex\config\pdftex_dl14.map"...
2020-03-26 01:13:43,219-0400 INFO  mkfntmap - Writing "C:\Users\Enmanuel\Desktop\Forensics\Tuts\Android APK\Solution\PrivateExtractorGUI\miktex\texmfs/data\dvipdfm\config\dvipdfm_dl14.map"...
2020-03-26 01:13:43,244-0400 INFO  mkfntmap - Writing "C:\Users\Enmanuel\Desktop\Forensics\Tuts\Android APK\Solution\PrivateExtractorGUI\miktex\texmfs/data\dvipdfm\config\dvipdfm_ndl14.map"...
2020-03-26 01:13:43,271-0400 INFO  mkfntmap - Copying "C:\Users\Enmanuel\Desktop\Forensics\Tuts\Android APK\Solution\PrivateExtractorGUI\miktex\texmfs/data\dvips\config\psfonts_t1.map"
2020-03-26 01:13:43,271-0400 INFO  mkfntmap -      to "C:\Users\Enmanuel\Desktop\Forensics\Tuts\Android APK\Solution\PrivateExtractorGUI\miktex\texmfs/data\dvips\config\psfonts.map"...
2020-03-26 01:13:43,287-0400 INFO  mkfntmap - Copying "C:\Users\Enmanuel\Desktop\Forensics\Tuts\Android APK\Solution\PrivateExtractorGUI\miktex\texmfs/data\dvipdfm\config\dvipdfm_dl14.map"
2020-03-26 01:13:43,287-0400 INFO  mkfntmap -      to "C:\Users\Enmanuel\Desktop\Forensics\Tuts\Android APK\Solution\PrivateExtractorGUI\miktex\texmfs/data\dvipdfm\config\dvipdfm.map"...
2020-03-26 01:13:43,317-0400 INFO  mkfntmap - Copying "C:\Users\Enmanuel\Desktop\Forensics\Tuts\Android APK\Solution\PrivateExtractorGUI\miktex\texmfs/data\pdftex\config\pdftex_dl14.map"
2020-03-26 01:13:43,317-0400 INFO  mkfntmap -      to "C:\Users\Enmanuel\Desktop\Forensics\Tuts\Android APK\Solution\PrivateExtractorGUI\miktex\texmfs/data\pdftex\config\pdftex.map"...
2020-03-26 01:13:43,345-0400 INFO  mkfntmap - running: miktex-fc-cache --verbose --miktex-disable-maintenance --miktex-disable-diagnose
2020-03-26 01:13:53,850-0400 INFO  mkfntmap - C:/Users/Enmanuel/AppData/Local/Microsoft/Windows/Fonts: skipping, existing cache is valid: 1 fonts, 0 dirs
2020-03-26 01:13:53,851-0400 INFO  mkfntmap - C:/Windows/Fonts: skipping, existing cache is valid: 1086 fonts, 0 dirs
2020-03-26 01:13:53,852-0400 INFO  mkfntmap - C:/Users/Enmanuel/Desktop/Forensics/Tuts/Android APK/Solution/PrivateExtractorGUI/miktex/texmfs/install/fonts/type1: skipping, existing cache is valid: 0 fonts, 5 dirs
2020-03-26 01:13:53,853-0400 INFO  mkfntmap - C:/Users/Enmanuel/Desktop/Forensics/Tuts/Android APK/Solution/PrivateExtractorGUI/miktex/texmfs/install/fonts/type1/adobe: skipping, existing cache is valid: 0 fonts, 1 dirs
2020-03-26 01:13:53,855-0400 INFO  mkfntmap - C:/Users/Enmanuel/Desktop/Forensics/Tuts/Android APK/Solution/PrivateExtractorGUI/miktex/texmfs/install/fonts/type1/adobe/courier: skipping, existing cache is valid: 6 fonts, 0 dirs
2020-03-26 01:13:53,856-0400 INFO  mkfntmap - C:/Users/Enmanuel/Desktop/Forensics/Tuts/Android APK/Solution/PrivateExtractorGUI/miktex/texmfs/install/fonts/type1/arabi: skipping, existing cache is valid: 0 fonts, 2 dirs
2020-03-26 01:13:53,858-0400 INFO  mkfntmap - C:/Users/Enmanuel/Desktop/Forensics/Tuts/Android APK/Solution/PrivateExtractorGUI/miktex/texmfs/install/fonts/type1/arabi/arabeyes: skipping, existing cache is valid: 33 fonts, 0 dirs
2020-03-26 01:13:53,859-0400 INFO  mkfntmap - C:/Users/Enmanuel/Desktop/Forensics/Tuts/Android APK/Solution/PrivateExtractorGUI/miktex/texmfs/install/fonts/type1/arabi/farsiweb: skipping, existing cache is valid: 4 fonts, 0 dirs
2020-03-26 01:13:53,861-0400 INFO  mkfntmap - C:/Users/Enmanuel/Desktop/Forensics/Tuts/Android APK/Solution/PrivateExtractorGUI/miktex/texmfs/install/fonts/type1/metapost: skipping, existing cache is valid: 1 fonts, 0 dirs
2020-03-26 01:13:53,862-0400 INFO  mkfntmap - C:/Users/Enmanuel/Desktop/Forensics/Tuts/Android APK/Solution/PrivateExtractorGUI/miktex/texmfs/install/fonts/type1/public: skipping, existing cache is valid: 0 fonts, 5 dirs
2020-03-26 01:13:53,864-0400 INFO  mkfntmap - C:/Users/Enmanuel/Desktop/Forensics/Tuts/Android APK/Solution/PrivateExtractorGUI/miktex/texmfs/install/fonts/type1/public/amsfonts: skipping, existing cache is valid: 0 fonts, 6 dirs
2020-03-26 01:13:53,865-0400 INFO  mkfntmap - C:/Users/Enmanuel/Desktop/Forensics/Tuts/Android APK/Solution/PrivateExtractorGUI/miktex/texmfs/install/fonts/type1/public/amsfonts/cm: skipping, existing cache is valid: 75 fonts, 0 dirs
2020-03-26 01:13:53,867-0400 INFO  mkfntmap - C:/Users/Enmanuel/Desktop/Forensics/Tuts/Android APK/Solution/PrivateExtractorGUI/miktex/texmfs/install/fonts/type1/public/amsfonts/cmextra: skipping, existing cache is valid: 15 fonts, 0 dirs
2020-03-26 01:13:53,868-0400 INFO  mkfntmap - C:/Users/Enmanuel/Desktop/Forensics/Tuts/Android APK/Solution/PrivateExtractorGUI/miktex/texmfs/install/fonts/type1/public/amsfonts/cyrillic: skipping, existing cache is valid: 5 fonts, 0 dirs
2020-03-26 01:13:53,870-0400 INFO  mkfntmap - C:/Users/Enmanuel/Desktop/Forensics/Tuts/Android APK/Solution/PrivateExtractorGUI/miktex/texmfs/install/fonts/type1/public/amsfonts/euler: skipping, existing cache is valid: 22 fonts, 0 dirs
2020-03-26 01:13:53,872-0400 INFO  mkfntmap - C:/Users/Enmanuel/Desktop/Forensics/Tuts/Android APK/Solution/PrivateExtractorGUI/miktex/texmfs/install/fonts/type1/public/amsfonts/latxfont: skipping, existing cache is valid: 14 fonts, 0 dirs
2020-03-26 01:13:53,873-0400 INFO  mkfntmap - C:/Users/Enmanuel/Desktop/Forensics/Tuts/Android APK/Solution/PrivateExtractorGUI/miktex/texmfs/install/fonts/type1/public/amsfonts/symbols: skipping, existing cache is valid: 12 fonts, 0 dirs
2020-03-26 01:13:53,875-0400 INFO  mkfntmap - C:/Users/Enmanuel/Desktop/Forensics/Tuts/Android APK/Solution/PrivateExtractorGUI/miktex/texmfs/install/fonts/type1/public/cbcoptic: skipping, existing cache is valid: 2 fonts, 0 dirs
2020-03-26 01:13:53,876-0400 INFO  mkfntmap - C:/Users/Enmanuel/Desktop/Forensics/Tuts/Android APK/Solution/PrivateExtractorGUI/miktex/texmfs/install/fonts/type1/public/lm: skipping, existing cache is valid: 92 fonts, 0 dirs
2020-03-26 01:13:53,878-0400 INFO  mkfntmap - C:/Users/Enmanuel/Desktop/Forensics/Tuts/Android APK/Solution/PrivateExtractorGUI/miktex/texmfs/install/fonts/type1/public/pdftex: skipping, existing cache is valid: 1 fonts, 0 dirs
2020-03-26 01:13:53,879-0400 INFO  mkfntmap - C:/Users/Enmanuel/Desktop/Forensics/Tuts/Android APK/Solution/PrivateExtractorGUI/miktex/texmfs/install/fonts/type1/public/rsfs: skipping, existing cache is valid: 3 fonts, 0 dirs
2020-03-26 01:13:53,881-0400 INFO  mkfntmap - C:/Users/Enmanuel/Desktop/Forensics/Tuts/Android APK/Solution/PrivateExtractorGUI/miktex/texmfs/install/fonts/type1/urw: skipping, existing cache is valid: 0 fonts, 2 dirs
2020-03-26 01:13:53,882-0400 INFO  mkfntmap - C:/Users/Enmanuel/Desktop/Forensics/Tuts/Android APK/Solution/PrivateExtractorGUI/miktex/texmfs/install/fonts/type1/urw/courier: skipping, existing cache is valid: 4 fonts, 0 dirs
2020-03-26 01:13:53,884-0400 INFO  mkfntmap - C:/Users/Enmanuel/Desktop/Forensics/Tuts/Android APK/Solution/PrivateExtractorGUI/miktex/texmfs/install/fonts/type1/urw/zapfding: skipping, existing cache is valid: 1 fonts, 0 dirs
2020-03-26 01:13:53,885-0400 INFO  mkfntmap - C:/Users/Enmanuel/Desktop/Forensics/Tuts/Android APK/Solution/PrivateExtractorGUI/miktex/texmfs/install/fonts/opentype: skipping, existing cache is valid: 0 fonts, 1 dirs
2020-03-26 01:13:53,887-0400 INFO  mkfntmap - C:/Users/Enmanuel/Desktop/Forensics/Tuts/Android APK/Solution/PrivateExtractorGUI/miktex/texmfs/install/fonts/opentype/public: skipping, existing cache is valid: 0 fonts, 1 dirs
2020-03-26 01:13:53,888-0400 INFO  mkfntmap - C:/Users/Enmanuel/Desktop/Forensics/Tuts/Android APK/Solution/PrivateExtractorGUI/miktex/texmfs/install/fonts/opentype/public/lm: skipping, existing cache is valid: 72 fonts, 0 dirs
2020-03-26 01:13:53,888-0400 INFO  mkfntmap - C:/Users/Enmanuel/.local/share/fonts: skipping, no such directory
2020-03-26 01:13:53,888-0400 INFO  mkfntmap - C:/Users/Enmanuel/.fonts: skipping, no such directory
2020-03-26 01:13:53,888-0400 INFO  mkfntmap - C:/Users/Enmanuel/Desktop/Forensics/Tuts/Android APK/Solution/PrivateExtractorGUI/miktex/texmfs/install/fonts/type1/adobe: skipping, looped directory detected
2020-03-26 01:13:53,888-0400 INFO  mkfntmap - C:/Users/Enmanuel/Desktop/Forensics/Tuts/Android APK/Solution/PrivateExtractorGUI/miktex/texmfs/install/fonts/type1/arabi: skipping, looped directory detected
2020-03-26 01:13:53,888-0400 INFO  mkfntmap - C:/Users/Enmanuel/Desktop/Forensics/Tuts/Android APK/Solution/PrivateExtractorGUI/miktex/texmfs/install/fonts/type1/metapost: skipping, looped directory detected
2020-03-26 01:13:53,888-0400 INFO  mkfntmap - C:/Users/Enmanuel/Desktop/Forensics/Tuts/Android APK/Solution/PrivateExtractorGUI/miktex/texmfs/install/fonts/type1/public: skipping, looped directory detected
2020-03-26 01:13:53,888-0400 INFO  mkfntmap - C:/Users/Enmanuel/Desktop/Forensics/Tuts/Android APK/Solution/PrivateExtractorGUI/miktex/texmfs/install/fonts/type1/urw: skipping, looped directory detected
2020-03-26 01:13:53,888-0400 INFO  mkfntmap - C:/Users/Enmanuel/Desktop/Forensics/Tuts/Android APK/Solution/PrivateExtractorGUI/miktex/texmfs/install/fonts/opentype/public: skipping, looped directory detected
2020-03-26 01:13:53,888-0400 INFO  mkfntmap - C:/Users/Enmanuel/Desktop/Forensics/Tuts/Android APK/Solution/PrivateExtractorGUI/miktex/texmfs/install/fonts/type1/adobe/courier: skipping, looped directory detected
2020-03-26 01:13:53,888-0400 INFO  mkfntmap - C:/Users/Enmanuel/Desktop/Forensics/Tuts/Android APK/Solution/PrivateExtractorGUI/miktex/texmfs/install/fonts/type1/arabi/arabeyes: skipping, looped directory detected
2020-03-26 01:13:53,888-0400 INFO  mkfntmap - C:/Users/Enmanuel/Desktop/Forensics/Tuts/Android APK/Solution/PrivateExtractorGUI/miktex/texmfs/install/fonts/type1/arabi/farsiweb: skipping, looped directory detected
2020-03-26 01:13:53,888-0400 INFO  mkfntmap - C:/Users/Enmanuel/Desktop/Forensics/Tuts/Android APK/Solution/PrivateExtractorGUI/miktex/texmfs/install/fonts/type1/public/amsfonts: skipping, looped directory detected
2020-03-26 01:13:53,888-0400 INFO  mkfntmap - C:/Users/Enmanuel/Desktop/Forensics/Tuts/Android APK/Solution/PrivateExtractorGUI/miktex/texmfs/install/fonts/type1/public/cbcoptic: skipping, looped directory detected
2020-03-26 01:13:53,888-0400 INFO  mkfntmap - C:/Users/Enmanuel/Desktop/Forensics/Tuts/Android APK/Solution/PrivateExtractorGUI/miktex/texmfs/install/fonts/type1/public/lm: skipping, looped directory detected
2020-03-26 01:13:53,888-0400 INFO  mkfntmap - C:/Users/Enmanuel/Desktop/Forensics/Tuts/Android APK/Solution/PrivateExtractorGUI/miktex/texmfs/install/fonts/type1/public/pdftex: skipping, looped directory detected
2020-03-26 01:13:53,889-0400 INFO  mkfntmap - C:/Users/Enmanuel/Desktop/Forensics/Tuts/Android APK/Solution/PrivateExtractorGUI/miktex/texmfs/install/fonts/type1/public/rsfs: skipping, looped directory detected
2020-03-26 01:13:53,889-0400 INFO  mkfntmap - C:/Users/Enmanuel/Desktop/Forensics/Tuts/Android APK/Solution/PrivateExtractorGUI/miktex/texmfs/install/fonts/type1/urw/courier: skipping, looped directory detected
2020-03-26 01:13:53,889-0400 INFO  mkfntmap - C:/Users/Enmanuel/Desktop/Forensics/Tuts/Android APK/Solution/PrivateExtractorGUI/miktex/texmfs/install/fonts/type1/urw/zapfding: skipping, looped directory detected
2020-03-26 01:13:53,889-0400 INFO  mkfntmap - C:/Users/Enmanuel/Desktop/Forensics/Tuts/Android APK/Solution/PrivateExtractorGUI/miktex/texmfs/install/fonts/opentype/public/lm: skipping, looped directory detected
2020-03-26 01:13:53,889-0400 INFO  mkfntmap - C:/Users/Enmanuel/Desktop/Forensics/Tuts/Android APK/Solution/PrivateExtractorGUI/miktex/texmfs/install/fonts/type1/public/amsfonts/cm: skipping, looped directory detected
2020-03-26 01:13:53,889-0400 INFO  mkfntmap - C:/Users/Enmanuel/Desktop/Forensics/Tuts/Android APK/Solution/PrivateExtractorGUI/miktex/texmfs/install/fonts/type1/public/amsfonts/cmextra: skipping, looped directory detected
2020-03-26 01:13:53,889-0400 INFO  mkfntmap - C:/Users/Enmanuel/Desktop/Forensics/Tuts/Android APK/Solution/PrivateExtractorGUI/miktex/texmfs/install/fonts/type1/public/amsfonts/cyrillic: skipping, looped directory detected
2020-03-26 01:13:53,889-0400 INFO  mkfntmap - C:/Users/Enmanuel/Desktop/Forensics/Tuts/Android APK/Solution/PrivateExtractorGUI/miktex/texmfs/install/fonts/type1/public/amsfonts/euler: skipping, looped directory detected
2020-03-26 01:13:53,889-0400 INFO  mkfntmap - C:/Users/Enmanuel/Desktop/Forensics/Tuts/Android APK/Solution/PrivateExtractorGUI/miktex/texmfs/install/fonts/type1/public/amsfonts/latxfont: skipping, looped directory detected
2020-03-26 01:13:53,962-0400 INFO  mkfntmap - C:/Users/Enmanuel/Desktop/Forensics/Tuts/Android APK/Solution/PrivateExtractorGUI/miktex/texmfs/install/fonts/type1/public/amsfonts/symbols: skipping, looped directory detected
2020-03-26 01:13:53,962-0400 INFO  mkfntmap - C:/Users/Enmanuel/Desktop/Forensics/Tuts/Android APK/Solution/PrivateExtractorGUI/miktex/texmfs/data/fontconfig/cache: cleaning cache directory
2020-03-26 01:13:53,962-0400 INFO  mkfntmap - C:/Users/Enmanuel/.cache/fontconfig: not cleaning non-existent cache directory
2020-03-26 01:13:53,963-0400 INFO  mkfntmap - C:/Users/Enmanuel/.fontconfig: not cleaning non-existent cache directory
2020-03-26 01:13:53,963-0400 INFO  mkfntmap - miktex-fc-cache: succeeded
2020-03-26 01:13:53,968-0400 INFO  mkfntmap - finishing with exit code 0
2020-03-26 01:15:56,608-0400 INFO  mkfntmap - starting with command line: mkfntmap --miktex-disable-maintenance --miktex-disable-diagnose
2020-03-26 01:15:56,609-0400 INFO  mkfntmap - Parsing config file "C:\Users\Enmanuel\Desktop\Forensics\Tuts\Android APK\Solution\PrivateExtractorGUI\miktex\texmfs\install\miktex/config\updmap.cfg"...
2020-03-26 01:15:57,586-0400 INFO  mkfntmap - Writing "C:\Users\Enmanuel\Desktop\Forensics\Tuts\Android APK\Solution\PrivateExtractorGUI\miktex\texmfs/data\dvips\config\ps2pk.map"...
2020-03-26 01:15:57,594-0400 INFO  mkfntmap - Writing "C:\Users\Enmanuel\Desktop\Forensics\Tuts\Android APK\Solution\PrivateExtractorGUI\miktex\texmfs/data\dvips\config\download35.map"...
2020-03-26 01:15:57,597-0400 INFO  mkfntmap - Writing "C:\Users\Enmanuel\Desktop\Forensics\Tuts\Android APK\Solution\PrivateExtractorGUI\miktex\texmfs/data\dvips\config\builtin35.map"...
2020-03-26 01:15:57,599-0400 INFO  mkfntmap - Writing "C:\Users\Enmanuel\Desktop\Forensics\Tuts\Android APK\Solution\PrivateExtractorGUI\miktex\texmfs/data\dvips\config\psfonts_t1.map"...
2020-03-26 01:15:57,607-0400 INFO  mkfntmap - Writing "C:\Users\Enmanuel\Desktop\Forensics\Tuts\Android APK\Solution\PrivateExtractorGUI\miktex\texmfs/data\dvips\config\psfonts_pk.map"...
2020-03-26 01:15:57,615-0400 INFO  mkfntmap - Writing "C:\Users\Enmanuel\Desktop\Forensics\Tuts\Android APK\Solution\PrivateExtractorGUI\miktex\texmfs/data\pdftex\config\pdftex_ndl14.map"...
2020-03-26 01:15:57,622-0400 INFO  mkfntmap - Writing "C:\Users\Enmanuel\Desktop\Forensics\Tuts\Android APK\Solution\PrivateExtractorGUI\miktex\texmfs/data\pdftex\config\pdftex_dl14.map"...
2020-03-26 01:15:57,630-0400 INFO  mkfntmap - Writing "C:\Users\Enmanuel\Desktop\Forensics\Tuts\Android APK\Solution\PrivateExtractorGUI\miktex\texmfs/data\dvipdfm\config\dvipdfm_dl14.map"...
2020-03-26 01:15:57,640-0400 INFO  mkfntmap - Writing "C:\Users\Enmanuel\Desktop\Forensics\Tuts\Android APK\Solution\PrivateExtractorGUI\miktex\texmfs/data\dvipdfm\config\dvipdfm_ndl14.map"...
2020-03-26 01:15:57,648-0400 INFO  mkfntmap - Copying "C:\Users\Enmanuel\Desktop\Forensics\Tuts\Android APK\Solution\PrivateExtractorGUI\miktex\texmfs/data\dvips\config\psfonts_t1.map"
2020-03-26 01:15:57,648-0400 INFO  mkfntmap -      to "C:\Users\Enmanuel\Desktop\Forensics\Tuts\Android APK\Solution\PrivateExtractorGUI\miktex\texmfs/data\dvips\config\psfonts.map"...
2020-03-26 01:15:57,650-0400 INFO  mkfntmap - Copying "C:\Users\Enmanuel\Desktop\Forensics\Tuts\Android APK\Solution\PrivateExtractorGUI\miktex\texmfs/data\dvipdfm\config\dvipdfm_dl14.map"
2020-03-26 01:15:57,650-0400 INFO  mkfntmap -      to "C:\Users\Enmanuel\Desktop\Forensics\Tuts\Android APK\Solution\PrivateExtractorGUI\miktex\texmfs/data\dvipdfm\config\dvipdfm.map"...
2020-03-26 01:15:57,652-0400 INFO  mkfntmap - Copying "C:\Users\Enmanuel\Desktop\Forensics\Tuts\Android APK\Solution\PrivateExtractorGUI\miktex\texmfs/data\pdftex\config\pdftex_dl14.map"
2020-03-26 01:15:57,652-0400 INFO  mkfntmap -      to "C:\Users\Enmanuel\Desktop\Forensics\Tuts\Android APK\Solution\PrivateExtractorGUI\miktex\texmfs/data\pdftex\config\pdftex.map"...
2020-03-26 01:15:57,659-0400 INFO  mkfntmap - running: miktex-fc-cache --miktex-disable-maintenance --miktex-disable-diagnose
2020-03-26 01:15:57,997-0400 INFO  mkfntmap - finishing with exit code 0
2020-03-26 01:16:28,529-0400 INFO  mkfntmap - starting with command line: mkfntmap --miktex-disable-maintenance --miktex-disable-diagnose
2020-03-26 01:16:28,530-0400 INFO  mkfntmap - Parsing config file "C:\Users\Enmanuel\Desktop\Forensics\Tuts\Android APK\Solution\PrivateExtractorGUI\miktex\texmfs\install\miktex/config\updmap.cfg"...
2020-03-26 01:16:29,804-0400 INFO  mkfntmap - Writing "C:\Users\Enmanuel\Desktop\Forensics\Tuts\Android APK\Solution\PrivateExtractorGUI\miktex\texmfs/data\dvips\config\ps2pk.map"...
2020-03-26 01:16:29,812-0400 INFO  mkfntmap - Writing "C:\Users\Enmanuel\Desktop\Forensics\Tuts\Android APK\Solution\PrivateExtractorGUI\miktex\texmfs/data\dvips\config\download35.map"...
2020-03-26 01:16:29,815-0400 INFO  mkfntmap - Writing "C:\Users\Enmanuel\Desktop\Forensics\Tuts\Android APK\Solution\PrivateExtractorGUI\miktex\texmfs/data\dvips\config\builtin35.map"...
2020-03-26 01:16:29,818-0400 INFO  mkfntmap - Writing "C:\Users\Enmanuel\Desktop\Forensics\Tuts\Android APK\Solution\PrivateExtractorGUI\miktex\texmfs/data\dvips\config\psfonts_t1.map"...
2020-03-26 01:16:29,825-0400 INFO  mkfntmap - Writing "C:\Users\Enmanuel\Desktop\Forensics\Tuts\Android APK\Solution\PrivateExtractorGUI\miktex\texmfs/data\dvips\config\psfonts_pk.map"...
2020-03-26 01:16:29,834-0400 INFO  mkfntmap - Writing "C:\Users\Enmanuel\Desktop\Forensics\Tuts\Android APK\Solution\PrivateExtractorGUI\miktex\texmfs/data\pdftex\config\pdftex_ndl14.map"...
2020-03-26 01:16:29,841-0400 INFO  mkfntmap - Writing "C:\Users\Enmanuel\Desktop\Forensics\Tuts\Android APK\Solution\PrivateExtractorGUI\miktex\texmfs/data\pdftex\config\pdftex_dl14.map"...
2020-03-26 01:16:29,849-0400 INFO  mkfntmap - Writing "C:\Users\Enmanuel\Desktop\Forensics\Tuts\Android APK\Solution\PrivateExtractorGUI\miktex\texmfs/data\dvipdfm\config\dvipdfm_dl14.map"...
2020-03-26 01:16:29,856-0400 INFO  mkfntmap - Writing "C:\Users\Enmanuel\Desktop\Forensics\Tuts\Android APK\Solution\PrivateExtractorGUI\miktex\texmfs/data\dvipdfm\config\dvipdfm_ndl14.map"...
2020-03-26 01:16:29,864-0400 INFO  mkfntmap - Copying "C:\Users\Enmanuel\Desktop\Forensics\Tuts\Android APK\Solution\PrivateExtractorGUI\miktex\texmfs/data\dvips\config\psfonts_t1.map"
2020-03-26 01:16:29,864-0400 INFO  mkfntmap -      to "C:\Users\Enmanuel\Desktop\Forensics\Tuts\Android APK\Solution\PrivateExtractorGUI\miktex\texmfs/data\dvips\config\psfonts.map"...
2020-03-26 01:16:29,866-0400 INFO  mkfntmap - Copying "C:\Users\Enmanuel\Desktop\Forensics\Tuts\Android APK\Solution\PrivateExtractorGUI\miktex\texmfs/data\dvipdfm\config\dvipdfm_dl14.map"
2020-03-26 01:16:29,866-0400 INFO  mkfntmap -      to "C:\Users\Enmanuel\Desktop\Forensics\Tuts\Android APK\Solution\PrivateExtractorGUI\miktex\texmfs/data\dvipdfm\config\dvipdfm.map"...
2020-03-26 01:16:29,867-0400 INFO  mkfntmap - Copying "C:\Users\Enmanuel\Desktop\Forensics\Tuts\Android APK\Solution\PrivateExtractorGUI\miktex\texmfs/data\pdftex\config\pdftex_dl14.map"
2020-03-26 01:16:29,867-0400 INFO  mkfntmap -      to "C:\Users\Enmanuel\Desktop\Forensics\Tuts\Android APK\Solution\PrivateExtractorGUI\miktex\texmfs/data\pdftex\config\pdftex.map"...
2020-03-26 01:16:29,875-0400 INFO  mkfntmap - running: miktex-fc-cache --miktex-disable-maintenance --miktex-disable-diagnose
2020-03-26 01:16:30,204-0400 INFO  mkfntmap - finishing with exit code 0
2020-03-28 18:45:13,961-0400 INFO  mkfntmap - starting with command line: mkfntmap --miktex-disable-maintenance --miktex-disable-diagnose
2020-03-28 18:45:13,975-0400 INFO  mkfntmap - Parsing config file "C:\Users\Enmanuel\Desktop\Forensics\Tuts\Android APK\Solution\PrivateExtractorGUI\latex\miktex\texmfs\install\miktex/config\updmap.cfg"...
2020-03-28 18:45:15,306-0400 INFO  mkfntmap - Writing "C:\Users\Enmanuel\Desktop\Forensics\Tuts\Android APK\Solution\PrivateExtractorGUI\latex\miktex\texmfs/data\dvips\config\ps2pk.map"...
2020-03-28 18:45:15,314-0400 INFO  mkfntmap - Writing "C:\Users\Enmanuel\Desktop\Forensics\Tuts\Android APK\Solution\PrivateExtractorGUI\latex\miktex\texmfs/data\dvips\config\download35.map"...
2020-03-28 18:45:15,316-0400 INFO  mkfntmap - Writing "C:\Users\Enmanuel\Desktop\Forensics\Tuts\Android APK\Solution\PrivateExtractorGUI\latex\miktex\texmfs/data\dvips\config\builtin35.map"...
2020-03-28 18:45:15,319-0400 INFO  mkfntmap - Writing "C:\Users\Enmanuel\Desktop\Forensics\Tuts\Android APK\Solution\PrivateExtractorGUI\latex\miktex\texmfs/data\dvips\config\psfonts_t1.map"...
2020-03-28 18:45:15,327-0400 INFO  mkfntmap - Writing "C:\Users\Enmanuel\Desktop\Forensics\Tuts\Android APK\Solution\PrivateExtractorGUI\latex\miktex\texmfs/data\dvips\config\psfonts_pk.map"...
2020-03-28 18:45:15,335-0400 INFO  mkfntmap - Writing "C:\Users\Enmanuel\Desktop\Forensics\Tuts\Android APK\Solution\PrivateExtractorGUI\latex\miktex\texmfs/data\pdftex\config\pdftex_ndl14.map"...
2020-03-28 18:45:15,342-0400 INFO  mkfntmap - Writing "C:\Users\Enmanuel\Desktop\Forensics\Tuts\Android APK\Solution\PrivateExtractorGUI\latex\miktex\texmfs/data\pdftex\config\pdftex_dl14.map"...
2020-03-28 18:45:15,350-0400 INFO  mkfntmap - Writing "C:\Users\Enmanuel\Desktop\Forensics\Tuts\Android APK\Solution\PrivateExtractorGUI\latex\miktex\texmfs/data\dvipdfm\config\dvipdfm_dl14.map"...
2020-03-28 18:45:15,358-0400 INFO  mkfntmap - Writing "C:\Users\Enmanuel\Desktop\Forensics\Tuts\Android APK\Solution\PrivateExtractorGUI\latex\miktex\texmfs/data\dvipdfm\config\dvipdfm_ndl14.map"...
2020-03-28 18:45:15,366-0400 INFO  mkfntmap - Copying "C:\Users\Enmanuel\Desktop\Forensics\Tuts\Android APK\Solution\PrivateExtractorGUI\latex\miktex\texmfs/data\dvips\config\psfonts_t1.map"
2020-03-28 18:45:15,366-0400 INFO  mkfntmap -      to "C:\Users\Enmanuel\Desktop\Forensics\Tuts\Android APK\Solution\PrivateExtractorGUI\latex\miktex\texmfs/data\dvips\config\psfonts.map"...
2020-03-28 18:45:15,368-0400 INFO  mkfntmap - Copying "C:\Users\Enmanuel\Desktop\Forensics\Tuts\Android APK\Solution\PrivateExtractorGUI\latex\miktex\texmfs/data\dvipdfm\config\dvipdfm_dl14.map"
2020-03-28 18:45:15,368-0400 INFO  mkfntmap -      to "C:\Users\Enmanuel\Desktop\Forensics\Tuts\Android APK\Solution\PrivateExtractorGUI\latex\miktex\texmfs/data\dvipdfm\config\dvipdfm.map"...
2020-03-28 18:45:15,369-0400 INFO  mkfntmap - Copying "C:\Users\Enmanuel\Desktop\Forensics\Tuts\Android APK\Solution\PrivateExtractorGUI\latex\miktex\texmfs/data\pdftex\config\pdftex_dl14.map"
2020-03-28 18:45:15,369-0400 INFO  mkfntmap -      to "C:\Users\Enmanuel\Desktop\Forensics\Tuts\Android APK\Solution\PrivateExtractorGUI\latex\miktex\texmfs/data\pdftex\config\pdftex.map"...
2020-03-28 18:45:15,408-0400 INFO  mkfntmap - running: miktex-fc-cache --miktex-disable-maintenance --miktex-disable-diagnose
2020-03-28 18:45:23,303-0400 INFO  mkfntmap - finishing with exit code 0
