-CACHEDIR.TAG;fontconfig/cache
-17d5a8a2e14bd7de2b952088139830e9-le64.cache-7;fontconfig/cache
-1a1d098ad1be85e96d1abcda50e02df3-le64.cache-7;fontconfig/cache
-1a3d1f712ad3caf97fdb2c74c4354a1d-le64.cache-7;fontconfig/cache
-1d1ad78049f0b2fdca4469388bb62634-le64.cache-7;fontconfig/cache
-1e27c09bb50eafe5cf4287032c89fe6a-le64.cache-7;fontconfig/cache
-1fa6592989ddc34eebd5643533c39c5a-le64.cache-7;fontconfig/cache
-27c1a1b9f3cbf63032cc6801232a79e2-le64.cache-7;fontconfig/cache
-28779f1193dee15fe6b2e389050e1d50-le64.cache-7;fontconfig/cache
-3078ca6936595a4c397aecc0abdec3d9-le64.cache-7;fontconfig/cache
-4199c93682f9cc86f181f7a30d995865-le64.cache-7;fontconfig/cache
-442084633d52253a4725ea355431c696-le64.cache-7;fontconfig/cache
-447fd2025ce4abafbebcb24cf07ef9f0-le64.cache-7;fontconfig/cache
-4ac5ba8f038cae47f87c4f203b6295e1-le64.cache-7;fontconfig/cache
-5485c588036fb8acbf9fcd01fa7c27fb-le64.cache-7;fontconfig/cache
-61a4862ff464ecbb36ebae4ba4c817a5-le64.cache-7;fontconfig/cache
-7c8e07e4884922ea80b54c9619ab6ec1-le64.cache-7;fontconfig/cache
-8213a4a2d2c318372479b56e09b5f7e8-le64.cache-7;fontconfig/cache
-b165f76150440741c490826db344bf2e-le64.cache-7;fontconfig/cache
-b23210a2b39a634459f75de702de5bee-le64.cache-7;fontconfig/cache
-b784f7bf248354eff7e351a950986b11-le64.cache-7;fontconfig/cache
-d6a5e2176404deab365a052bc0e980a0-le64.cache-7;fontconfig/cache
-d91cb190d3782f6f2d0abbd6496e6d72-le64.cache-7;fontconfig/cache
-db354cdd16d13dd6f10b424c8addf111-le64.cache-7;fontconfig/cache
-ebba523ec4f3db8dc8dee00de1b7dfc6-le64.cache-7;fontconfig/cache
-f7a579da12cd81073065a518f0b4900d-le64.cache-7;fontconfig/cache
+pdflatex.fmt;miktex/data/le/pdftex;
+mf.base;miktex/data/le;
+tcrm0900.pk;fonts/pk/ljfour/jknappen/ec/dpi600;
+tcrm1000.pk;fonts/pk/ljfour/jknappen/ec/dpi600;
