This is pdfTeX, Version 3.14159265-2.6-1.40.21 (MiKTeX 2.9.7350 64-bit) (preloaded format=pdflatex 2020.3.28)  29 MAR 2020 01:04
entering extended mode
**"C:/Users/Enmanuel/Documents/COVID-19/Private Extractor/PrivateExtractorGUI/l
atex/output_29-Mar-2020-010423.tex"

("C:/Users/Enmanuel/Documents/COVID-19/Private Extractor/PrivateExtractorGUI/la
tex/output_29-Mar-2020-010423.tex"
LaTeX2e <2020-02-02> patch level 5
L3 programming layer <2020-03-06>
("C:\Users\Enmanuel\Documents\COVID-19\Private Extractor\PrivateExtractorGUI\la
tex\miktex\texmfs\install\tex/latex/base\article.cls"
Document Class: article 2019/12/20 v1.4l Standard LaTeX document class

("C:\Users\Enmanuel\Documents\COVID-19\Private Extractor\PrivateExtractorGUI\la
tex\miktex\texmfs\install\tex/latex/base\size10.clo"
File: size10.clo 2019/12/20 v1.4l Standard LaTeX file (size option)
)
\c@part=\count167
\c@section=\count168
\c@subsection=\count169
\c@subsubsection=\count170
\c@paragraph=\count171
\c@subparagraph=\count172
\c@figure=\count173
\c@table=\count174
\abovecaptionskip=\skip47
\belowcaptionskip=\skip48
\bibindent=\dimen134
)
("C:\Users\Enmanuel\Documents\COVID-19\Private Extractor\PrivateExtractorGUI\la
tex\miktex\texmfs\install\tex/latex/base\inputenc.sty"
Package: inputenc 2018/08/11 v1.3c Input encoding file
\inpenc@prehook=\toks15
\inpenc@posthook=\toks16
)
("C:\Users\Enmanuel\Documents\COVID-19\Private Extractor\PrivateExtractorGUI\la
tex\miktex\texmfs\install\tex/latex/graphics\graphicx.sty"
Package: graphicx 2019/11/30 v1.2a Enhanced LaTeX Graphics (DPC,SPQR)

("C:\Users\Enmanuel\Documents\COVID-19\Private Extractor\PrivateExtractorGUI\la
tex\miktex\texmfs\install\tex/latex/graphics\keyval.sty"
Package: keyval 2014/10/28 v1.15 key=value parser (DPC)
\KV@toks@=\toks17
)
("C:\Users\Enmanuel\Documents\COVID-19\Private Extractor\PrivateExtractorGUI\la
tex\miktex\texmfs\install\tex/latex/graphics\graphics.sty"
Package: graphics 2019/11/30 v1.4a Standard LaTeX Graphics (DPC,SPQR)

("C:\Users\Enmanuel\Documents\COVID-19\Private Extractor\PrivateExtractorGUI\la
tex\miktex\texmfs\install\tex/latex/graphics\trig.sty"
Package: trig 2016/01/03 v1.10 sin cos tan (DPC)
)
("C:\Users\Enmanuel\Documents\COVID-19\Private Extractor\PrivateExtractorGUI\la
tex\miktex\texmfs\install\tex/latex/graphics-cfg\graphics.cfg"
File: graphics.cfg 2016/06/04 v1.11 sample graphics configuration
)
Package graphics Info: Driver file: pdftex.def on input line 105.

("C:\Users\Enmanuel\Documents\COVID-19\Private Extractor\PrivateExtractorGUI\la
tex\miktex\texmfs\install\tex/latex/graphics-def\pdftex.def"
File: pdftex.def 2018/01/08 v1.0l Graphics/color driver for pdftex
))
\Gin@req@height=\dimen135
\Gin@req@width=\dimen136
)
("C:\Users\Enmanuel\Documents\COVID-19\Private Extractor\PrivateExtractorGUI\la
tex\miktex\texmfs\install\tex/latex/tools\longtable.sty"
Package: longtable 2020/01/07 v4.13 Multi-page Table package (DPC)
\LTleft=\skip49
\LTright=\skip50
\LTpre=\skip51
\LTpost=\skip52
\LTchunksize=\count175
\LTcapwidth=\dimen137
\LT@head=\box45
\LT@firsthead=\box46
\LT@foot=\box47
\LT@lastfoot=\box48
\LT@cols=\count176
\LT@rows=\count177
\c@LT@tables=\count178
\c@LT@chunks=\count179
\LT@p@ftn=\toks18
)

! LaTeX Error: Missing \begin{document}.

See the LaTeX manual or LaTeX Companion for explanation.
Type  H <return>  for immediate help.
 ...                                              
                                                  
l.10 \begin{figure}[t]
                      
You're in trouble here.  Try typing  <return>  to proceed.
If that doesn't work, type  X <return>  to quit.

<ic_launcher.png, id=1, 192.72pt x 192.72pt>
File: ic_launcher.png Graphic file (type png)
<use ic_launcher.png>
Package pdftex.def Info: ic_launcher.png  used on input line 11.
(pdftex.def)             Requested size: 34.5021pt x 34.4999pt.

("C:\Users\Enmanuel\Documents\COVID-19\Private Extractor\PrivateExtractorGUI\la
tex\miktex\texmfs\install\tex/latex/l3backend\l3backend-pdfmode.def"
File: l3backend-pdfmode.def 2020-03-12 L3 backend support: PDF mode
\l__kernel_color_stack_int=\count180
\l__pdf_internal_box=\box49
)
("C:\Users\Enmanuel\Documents\COVID-19\Private Extractor\PrivateExtractorGUI\la
tex\output_29-Mar-2020-010423.aux")
\openout1 = `output_29-Mar-2020-010423.aux'.

LaTeX Font Info:    Checking defaults for OML/cmm/m/it on input line 17.
LaTeX Font Info:    ... okay on input line 17.
LaTeX Font Info:    Checking defaults for OMS/cmsy/m/n on input line 17.
LaTeX Font Info:    ... okay on input line 17.
LaTeX Font Info:    Checking defaults for OT1/cmr/m/n on input line 17.
LaTeX Font Info:    ... okay on input line 17.
LaTeX Font Info:    Checking defaults for T1/cmr/m/n on input line 17.
LaTeX Font Info:    ... okay on input line 17.
LaTeX Font Info:    Checking defaults for TS1/cmr/m/n on input line 17.
LaTeX Font Info:    ... okay on input line 17.
LaTeX Font Info:    Checking defaults for OMX/cmex/m/n on input line 17.
LaTeX Font Info:    ... okay on input line 17.
LaTeX Font Info:    Checking defaults for U/cmr/m/n on input line 17.
LaTeX Font Info:    ... okay on input line 17.

("C:\Users\Enmanuel\Documents\COVID-19\Private Extractor\PrivateExtractorGUI\la
tex\miktex\texmfs\install\tex/context/base/mkii\supp-pdf.mkii"
[Loading MPS to PDF converter (version 2006.09.02).]
\scratchcounter=\count181
\scratchdimen=\dimen138
\scratchbox=\box50
\nofMPsegments=\count182
\nofMParguments=\count183
\everyMPshowfont=\toks19
\MPscratchCnt=\count184
\MPscratchDim=\dimen139
\MPnumerator=\count185
\makeMPintoPDFobject=\count186
\everyMPtoPDFconversion=\toks20
)
("C:\Users\Enmanuel\Documents\COVID-19\Private Extractor\PrivateExtractorGUI\la
tex\miktex\texmfs\install\tex/latex/epstopdf-pkg\epstopdf-base.sty"
Package: epstopdf-base 2020-01-24 v2.11 Base part for package epstopdf
Package epstopdf-base Info: Redefining graphics rule for `.eps' on input line 4
85.
)
LaTeX Font Info:    External font `cmex10' loaded for size
(Font)              <12> on input line 19.
LaTeX Font Info:    External font `cmex10' loaded for size
(Font)              <8> on input line 19.
LaTeX Font Info:    External font `cmex10' loaded for size
(Font)              <6> on input line 19.
LaTeX Font Info:    External font `cmex10' loaded for size
(Font)              <7> on input line 39.
LaTeX Font Info:    External font `cmex10' loaded for size
(Font)              <5> on input line 39.

Overfull \hbox (6.79999pt too wide) in paragraph at lines 22--40
[] 
 []


Underfull \hbox (badness 10000) in paragraph at lines 22--40

 []


Overfull \hbox (6.79999pt too wide) in paragraph at lines 42--59
[] 
 []


Underfull \hbox (badness 10000) in paragraph at lines 42--59

 []

[1

{C:/Users/Enmanuel/Documents/COVID-19/Private Extractor/PrivateExtractorGUI/lat
ex/miktex/texmfs/data/pdftex/config/pdftex.map} <./ic_launcher.png>]
Underfull \vbox (badness 10000) detected at line 121
 []

[2] [3]
("C:\Users\Enmanuel\Documents\COVID-19\Private Extractor\PrivateExtractorGUI\la
tex\output_29-Mar-2020-010423.aux") ) 
Here is how much of TeX's memory you used:
 1281 strings out of 480934
 21880 string characters out of 2871349
 272144 words of memory out of 3000000
 17174 multiletter control sequences out of 15000+200000
 536960 words of font info for 39 fonts, out of 3000000 for 9000
 1141 hyphenation exceptions out of 8191
 30i,6n,25p,446b,214s stack positions out of 5000i,500n,10000p,200000b,50000s
 <C:\Users\Enmanuel\Documents\COVID-19\Pri
vate Extractor\PrivateExtractorGUI\latex\miktex\texmfs/data\fonts/pk/ljfour/jkn
appen/ec/dpi600\tcrm0900.pk> <C:\Users\Enmanuel\Documents\COVID-19\Private Extr
actor\PrivateExtractorGUI\latex\miktex\texmfs/data\fonts/pk/ljfour/jknappen/ec/
dpi600\tcrm1000.pk><C:/Users/Enmanuel/Documents/COVID-19/Private Extractor/Priv
ateExtractorGUI/latex/miktex/texmfs/install/fonts/type1/public/amsfonts/cm/cmbx
10.pfb><C:/Users/Enmanuel/Documents/COVID-19/Private Extractor/PrivateExtractor
GUI/latex/miktex/texmfs/install/fonts/type1/public/amsfonts/cm/cmbx9.pfb><C:/Us
ers/Enmanuel/Documents/COVID-19/Private Extractor/PrivateExtractorGUI/latex/mik
tex/texmfs/install/fonts/type1/public/amsfonts/cm/cmr10.pfb><C:/Users/Enmanuel/
Documents/COVID-19/Private Extractor/PrivateExtractorGUI/latex/miktex/texmfs/in
stall/fonts/type1/public/amsfonts/cm/cmr12.pfb><C:/Users/Enmanuel/Documents/COV
ID-19/Private Extractor/PrivateExtractorGUI/latex/miktex/texmfs/install/fonts/t
ype1/public/amsfonts/cm/cmr17.pfb><C:/Users/Enmanuel/Documents/COVID-19/Private
 Extractor/PrivateExtractorGUI/latex/miktex/texmfs/install/fonts/type1/public/a
msfonts/cm/cmr9.pfb>
Output written on output_29-Mar-2020-010423.pdf (3 pages, 105030 bytes).
PDF statistics:
 49 PDF objects out of 1000 (max. 8388607)
 0 named destinations out of 1000 (max. 500000)
 6 words of extra memory for PDF output out of 10000 (max. 10000000)

